Library/Bee/Android/Prj/IL2CPP/Gradle/launcher/build/intermediates/manifest_merge_blame_file/release/manifest-merger-blame-release-report.txt
1<?xml version="1.0" encoding="utf-8"?>
2<manifest xmlns:android="http://schemas.android.com/apk/res/android"
3    package="com.DonnieNest.WOM"
4    android:installLocation="preferExternal"
5    android:versionCode="3"
6    android:versionName="1.2" >
7
8    <uses-sdk
9        android:minSdkVersion="22"
9-->src\main\AndroidManifest.xml
10        android:targetSdkVersion="31" />
10-->src\main\AndroidManifest.xml
11
12    <supports-screens
12-->src\main\AndroidManifest.xml:3:3-163
13        android:anyDensity="true"
13-->src\main\AndroidManifest.xml:3:135-160
14        android:largeScreens="true"
14-->src\main\AndroidManifest.xml:3:78-105
15        android:normalScreens="true"
15-->src\main\AndroidManifest.xml:3:49-77
16        android:smallScreens="true"
16-->src\main\AndroidManifest.xml:3:21-48
17        android:xlargeScreens="true" />
17-->src\main\AndroidManifest.xml:3:106-134
18
19    <uses-feature android:glEsVersion="0x00030000" />
19-->[:unityLibrary] AndroidManifest.xml:12:5-54
19-->[:unityLibrary] AndroidManifest.xml:12:19-51
20    <uses-feature
20-->[:unityLibrary] AndroidManifest.xml:13:5-15:36
21        android:name="android.hardware.vulkan.version"
21-->[:unityLibrary] AndroidManifest.xml:14:9-55
22        android:required="false" />
22-->[:unityLibrary] AndroidManifest.xml:15:9-33
23
24    <uses-permission android:name="android.permission.INTERNET" />
24-->[:unityLibrary] AndroidManifest.xml:17:5-67
24-->[:unityLibrary] AndroidManifest.xml:17:22-64
25    <uses-permission android:name="android.permission.ACCESS_NETWORK_STATE" />
25-->[:unityLibrary] AndroidManifest.xml:18:5-79
25-->[:unityLibrary] AndroidManifest.xml:18:22-76
26
27    <uses-feature
27-->[:unityLibrary] AndroidManifest.xml:20:5-22:36
28        android:name="android.hardware.touchscreen"
28-->[:unityLibrary] AndroidManifest.xml:21:9-52
29        android:required="false" />
29-->[:unityLibrary] AndroidManifest.xml:22:9-33
30    <uses-feature
30-->[:unityLibrary] AndroidManifest.xml:23:5-25:36
31        android:name="android.hardware.touchscreen.multitouch"
31-->[:unityLibrary] AndroidManifest.xml:24:9-63
32        android:required="false" />
32-->[:unityLibrary] AndroidManifest.xml:25:9-33
33    <uses-feature
33-->[:unityLibrary] AndroidManifest.xml:26:5-28:36
34        android:name="android.hardware.touchscreen.multitouch.distinct"
34-->[:unityLibrary] AndroidManifest.xml:27:9-72
35        android:required="false" />
35-->[:unityLibrary] AndroidManifest.xml:28:9-33
36
37    <application
37-->src\main\AndroidManifest.xml:4:3-83
38        android:appComponentFactory="androidx.core.app.CoreComponentFactory"
38-->[:androidx.core.core-1.2.0:] AndroidManifest.xml:24:18-86
39        android:extractNativeLibs="true"
39-->[:unityLibrary] AndroidManifest.xml:30:18-50
40        android:icon="@mipmap/app_icon"
40-->src\main\AndroidManifest.xml:4:49-80
41        android:label="@string/app_name" >
41-->src\main\AndroidManifest.xml:4:16-48
42        <activity
42-->[:unityLibrary] AndroidManifest.xml:31:9-52:20
43            android:name="com.unity3d.player.UnityPlayerActivity"
43-->[:unityLibrary] AndroidManifest.xml:32:13-66
44            android:configChanges="mcc|mnc|locale|touchscreen|keyboard|keyboardHidden|navigation|orientation|screenLayout|uiMode|screenSize|smallestScreenSize|fontScale|layoutDirection|density"
44-->[:unityLibrary] AndroidManifest.xml:33:13-194
45            android:exported="true"
45-->[:unityLibrary] AndroidManifest.xml:34:13-36
46            android:hardwareAccelerated="false"
46-->[:unityLibrary] AndroidManifest.xml:35:13-48
47            android:launchMode="singleTask"
47-->[:unityLibrary] AndroidManifest.xml:36:13-44
48            android:resizeableActivity="false"
48-->[:unityLibrary] AndroidManifest.xml:37:13-47
49            android:screenOrientation="portrait"
49-->[:unityLibrary] AndroidManifest.xml:38:13-49
50            android:theme="@style/UnityThemeSelector" >
50-->[:unityLibrary] AndroidManifest.xml:39:13-54
51            <intent-filter>
51-->[:unityLibrary] AndroidManifest.xml:40:13-44:29
52                <action android:name="android.intent.action.MAIN" />
52-->[:unityLibrary] AndroidManifest.xml:41:17-69
52-->[:unityLibrary] AndroidManifest.xml:41:25-66
53
54                <category android:name="android.intent.category.LAUNCHER" />
54-->[:unityLibrary] AndroidManifest.xml:43:17-77
54-->[:unityLibrary] AndroidManifest.xml:43:27-74
55            </intent-filter>
56
57            <meta-data
57-->[:unityLibrary] AndroidManifest.xml:46:13-48:40
58                android:name="unityplayer.UnityActivity"
58-->[:unityLibrary] AndroidManifest.xml:47:17-57
59                android:value="true" />
59-->[:unityLibrary] AndroidManifest.xml:48:17-37
60            <meta-data
60-->[:unityLibrary] AndroidManifest.xml:49:13-51:40
61                android:name="android.notch_support"
61-->[:unityLibrary] AndroidManifest.xml:50:17-53
62                android:value="true" />
62-->[:unityLibrary] AndroidManifest.xml:51:17-37
63        </activity>
64
65        <meta-data
65-->[:unityLibrary] AndroidManifest.xml:54:9-56:33
66            android:name="unity.splash-mode"
66-->[:unityLibrary] AndroidManifest.xml:55:13-45
67            android:value="0" />
67-->[:unityLibrary] AndroidManifest.xml:56:13-30
68        <meta-data
68-->[:unityLibrary] AndroidManifest.xml:57:9-59:36
69            android:name="unity.splash-enable"
69-->[:unityLibrary] AndroidManifest.xml:58:13-47
70            android:value="True" />
70-->[:unityLibrary] AndroidManifest.xml:59:13-33
71        <meta-data
71-->[:unityLibrary] AndroidManifest.xml:60:9-62:36
72            android:name="unity.launch-fullscreen"
72-->[:unityLibrary] AndroidManifest.xml:61:13-51
73            android:value="True" />
73-->[:unityLibrary] AndroidManifest.xml:62:13-33
74        <meta-data
74-->[:unityLibrary] AndroidManifest.xml:63:9-65:37
75            android:name="unity.allow-resizable-window"
75-->[:unityLibrary] AndroidManifest.xml:64:13-56
76            android:value="False" />
76-->[:unityLibrary] AndroidManifest.xml:65:13-34
77        <meta-data
77-->[:unityLibrary] AndroidManifest.xml:66:9-68:50
78            android:name="notch.config"
78-->[:unityLibrary] AndroidManifest.xml:67:13-40
79            android:value="portrait|landscape" />
79-->[:unityLibrary] AndroidManifest.xml:68:13-47
80        <meta-data
80-->[:com.google.android.gms.play-services-basement-17.5.0:] AndroidManifest.xml:23:9-25:69
81            android:name="com.google.android.gms.version"
81-->[:com.google.android.gms.play-services-basement-17.5.0:] AndroidManifest.xml:24:13-58
82            android:value="@integer/google_play_services_version" />
82-->[:com.google.android.gms.play-services-basement-17.5.0:] AndroidManifest.xml:25:13-66
83
84        <activity
84-->[:com.google.android.gms.play-services-auth-19.2.0:] AndroidManifest.xml:23:9-27:75
85            android:name="com.google.android.gms.auth.api.signin.internal.SignInHubActivity"
85-->[:com.google.android.gms.play-services-auth-19.2.0:] AndroidManifest.xml:24:13-93
86            android:excludeFromRecents="true"
86-->[:com.google.android.gms.play-services-auth-19.2.0:] AndroidManifest.xml:25:13-46
87            android:exported="false"
87-->[:com.google.android.gms.play-services-auth-19.2.0:] AndroidManifest.xml:26:13-37
88            android:theme="@android:style/Theme.Translucent.NoTitleBar" />
88-->[:com.google.android.gms.play-services-auth-19.2.0:] AndroidManifest.xml:27:13-72
89        <!--
90            Service handling Google Sign-In user revocation. For apps that do not integrate with
91            Google Sign-In, this service will never be started.
92        -->
93        <service
93-->[:com.google.android.gms.play-services-auth-19.2.0:] AndroidManifest.xml:33:9-37:51
94            android:name="com.google.android.gms.auth.api.signin.RevocationBoundService"
94-->[:com.google.android.gms.play-services-auth-19.2.0:] AndroidManifest.xml:34:13-89
95            android:exported="true"
95-->[:com.google.android.gms.play-services-auth-19.2.0:] AndroidManifest.xml:35:13-36
96            android:permission="com.google.android.gms.auth.api.signin.permission.REVOCATION_NOTIFICATION"
96-->[:com.google.android.gms.play-services-auth-19.2.0:] AndroidManifest.xml:36:13-107
97            android:visibleToInstantApps="true" />
97-->[:com.google.android.gms.play-services-auth-19.2.0:] AndroidManifest.xml:37:13-48
98
99        <activity
99-->[:com.google.android.gms.play-services-base-17.5.0:] AndroidManifest.xml:23:9-26:75
100            android:name="com.google.android.gms.common.api.GoogleApiActivity"
100-->[:com.google.android.gms.play-services-base-17.5.0:] AndroidManifest.xml:24:13-79
101            android:exported="false"
101-->[:com.google.android.gms.play-services-base-17.5.0:] AndroidManifest.xml:25:13-37
102            android:theme="@android:style/Theme.Translucent.NoTitleBar" />
102-->[:com.google.android.gms.play-services-base-17.5.0:] AndroidManifest.xml:26:13-72
103        <activity
103-->[:com.google.games.gpgs-plugin-support-0.10.14:] AndroidManifest.xml:10:9-18:20
104            android:name="com.google.games.bridge.GenericResolutionActivity"
104-->[:com.google.games.gpgs-plugin-support-0.10.14:] AndroidManifest.xml:11:13-77
105            android:exported="false"
105-->[:com.google.games.gpgs-plugin-support-0.10.14:] AndroidManifest.xml:12:13-37
106            android:label="GenericResolutionActivity"
106-->[:com.google.games.gpgs-plugin-support-0.10.14:] AndroidManifest.xml:13:13-54
107            android:theme="@android:style/Theme.Translucent.NoTitleBar.Fullscreen" >
107-->[:com.google.games.gpgs-plugin-support-0.10.14:] AndroidManifest.xml:14:13-83
108            <meta-data
108-->[:com.google.games.gpgs-plugin-support-0.10.14:] AndroidManifest.xml:15:13-17:40
109                android:name="instantapps.clients.allowed"
109-->[:com.google.games.gpgs-plugin-support-0.10.14:] AndroidManifest.xml:16:17-59
110                android:value="true" />
110-->[:com.google.games.gpgs-plugin-support-0.10.14:] AndroidManifest.xml:17:17-37
111        </activity> <!-- The space in these forces it to be interpreted as a string vs. int -->
112        <meta-data
112-->[:unityLibrary:GooglePlayGamesManifest.androidlib] AndroidManifest.xml:18:9-20:49
113            android:name="com.google.android.gms.games.APP_ID"
113-->[:unityLibrary:GooglePlayGamesManifest.androidlib] AndroidManifest.xml:19:13-63
114            android:value="\u003881093488580" /> <!-- Keep track of which plugin is being used -->
114-->[:unityLibrary:GooglePlayGamesManifest.androidlib] AndroidManifest.xml:20:13-46
115        <meta-data
115-->[:unityLibrary:GooglePlayGamesManifest.androidlib] AndroidManifest.xml:23:9-25:44
116            android:name="com.google.android.gms.games.unityVersion"
116-->[:unityLibrary:GooglePlayGamesManifest.androidlib] AndroidManifest.xml:24:13-69
117            android:value="\u0030.10.14" />
117-->[:unityLibrary:GooglePlayGamesManifest.androidlib] AndroidManifest.xml:25:13-41
118
119        <activity
119-->[:unityLibrary:GooglePlayGamesManifest.androidlib] AndroidManifest.xml:27:9-29:86
120            android:name="com.google.games.bridge.NativeBridgeActivity"
120-->[:unityLibrary:GooglePlayGamesManifest.androidlib] AndroidManifest.xml:28:13-72
121            android:theme="@android:style/Theme.Translucent.NoTitleBar.Fullscreen" />
121-->[:unityLibrary:GooglePlayGamesManifest.androidlib] AndroidManifest.xml:29:13-83
122    </application>
123
124</manifest>